cl : command line warning D9035: option 'Gm' has been deprecated and will be removed in a future release
  CMPage game 3 desert racer.cpp
C:\Users\conno\OneDrive\Documents\University Work\Games Concepts\CMPage game 3 desert racer\CMPage game 3 desert racer.cpp(685,66): warning C4244: 'argument': conversion from 'const float' to 'const int', possible loss of data
C:\Users\conno\OneDrive\Documents\University Work\Games Concepts\CMPage game 3 desert racer\CMPage game 3 desert racer.cpp(685,51): warning C4244: 'argument': conversion from 'const float' to 'const int', possible loss of data
C:\Users\conno\OneDrive\Documents\University Work\Games Concepts\CMPage game 3 desert racer\CMPage game 3 desert racer.cpp(707,65): warning C4244: 'argument': conversion from 'const float' to 'const int', possible loss of data
C:\Users\conno\OneDrive\Documents\University Work\Games Concepts\CMPage game 3 desert racer\CMPage game 3 desert racer.cpp(707,50): warning C4244: 'argument': conversion from 'const float' to 'const int', possible loss of data
C:\Users\conno\OneDrive\Documents\University Work\Games Concepts\CMPage game 3 desert racer\CMPage game 3 desert racer.cpp(759,64): warning C4244: '=': conversion from 'float' to 'int', possible loss of data
C:\Users\conno\OneDrive\Documents\University Work\Games Concepts\CMPage game 3 desert racer\CMPage game 3 desert racer.cpp(763,26): warning C4244: 'argument': conversion from 'int' to 'const float', possible loss of data
C:\Users\conno\OneDrive\Documents\University Work\Games Concepts\CMPage game 3 desert racer\CMPage game 3 desert racer.cpp(771,64): warning C4244: '=': conversion from 'float' to 'int', possible loss of data
C:\Users\conno\OneDrive\Documents\University Work\Games Concepts\CMPage game 3 desert racer\CMPage game 3 desert racer.cpp(775,26): warning C4244: 'argument': conversion from 'int' to 'const float', possible loss of data
C:\Users\conno\OneDrive\Documents\University Work\Games Concepts\CMPage game 3 desert racer\CMPage game 3 desert racer.cpp(788,64): warning C4244: '=': conversion from 'float' to 'int', possible loss of data
C:\Users\conno\OneDrive\Documents\University Work\Games Concepts\CMPage game 3 desert racer\CMPage game 3 desert racer.cpp(792,26): warning C4244: 'argument': conversion from 'int' to 'const float', possible loss of data
C:\Users\conno\OneDrive\Documents\University Work\Games Concepts\CMPage game 3 desert racer\CMPage game 3 desert racer.cpp(797,64): warning C4244: '=': conversion from 'float' to 'int', possible loss of data
C:\Users\conno\OneDrive\Documents\University Work\Games Concepts\CMPage game 3 desert racer\CMPage game 3 desert racer.cpp(801,26): warning C4244: 'argument': conversion from 'int' to 'const float', possible loss of data
C:\Users\conno\OneDrive\Documents\University Work\Games Concepts\CMPage game 3 desert racer\CMPage game 3 desert racer.cpp(888,63): warning C4244: 'argument': conversion from 'const float' to 'const int', possible loss of data
C:\Users\conno\OneDrive\Documents\University Work\Games Concepts\CMPage game 3 desert racer\CMPage game 3 desert racer.cpp(888,47): warning C4244: 'argument': conversion from 'const float' to 'const int', possible loss of data
C:\Users\conno\OneDrive\Documents\University Work\Games Concepts\CMPage game 3 desert racer\CMPage game 3 desert racer.cpp(891,53): warning C4244: 'argument': conversion from 'const float' to 'const int', possible loss of data
C:\Users\conno\OneDrive\Documents\University Work\Games Concepts\CMPage game 3 desert racer\CMPage game 3 desert racer.cpp(891,42): warning C4244: 'argument': conversion from 'const float' to 'const int', possible loss of data
C:\Users\conno\OneDrive\Documents\University Work\Games Concepts\CMPage game 3 desert racer\CMPage game 3 desert racer.cpp(895,63): warning C4244: 'argument': conversion from 'const float' to 'const int', possible loss of data
C:\Users\conno\OneDrive\Documents\University Work\Games Concepts\CMPage game 3 desert racer\CMPage game 3 desert racer.cpp(895,47): warning C4244: 'argument': conversion from 'const float' to 'const int', possible loss of data
C:\Users\conno\OneDrive\Documents\University Work\Games Concepts\CMPage game 3 desert racer\CMPage game 3 desert racer.cpp(898,53): warning C4244: 'argument': conversion from 'const float' to 'const int', possible loss of data
C:\Users\conno\OneDrive\Documents\University Work\Games Concepts\CMPage game 3 desert racer\CMPage game 3 desert racer.cpp(898,42): warning C4244: 'argument': conversion from 'const float' to 'const int', possible loss of data
C:\Users\conno\OneDrive\Documents\University Work\Games Concepts\CMPage game 3 desert racer\CMPage game 3 desert racer.cpp(901,65): warning C4244: 'argument': conversion from 'const float' to 'const int', possible loss of data
C:\Users\conno\OneDrive\Documents\University Work\Games Concepts\CMPage game 3 desert racer\CMPage game 3 desert racer.cpp(901,48): warning C4244: 'argument': conversion from 'const float' to 'const int', possible loss of data
C:\Users\conno\OneDrive\Documents\University Work\Games Concepts\CMPage game 3 desert racer\CMPage game 3 desert racer.cpp(904,55): warning C4244: 'argument': conversion from 'const float' to 'const int', possible loss of data
C:\Users\conno\OneDrive\Documents\University Work\Games Concepts\CMPage game 3 desert racer\CMPage game 3 desert racer.cpp(904,43): warning C4244: 'argument': conversion from 'const float' to 'const int', possible loss of data
C:\Users\conno\OneDrive\Documents\University Work\Games Concepts\CMPage game 3 desert racer\CMPage game 3 desert racer.cpp(928,70): warning C4244: 'argument': conversion from 'const float' to 'const int', possible loss of data
C:\Users\conno\OneDrive\Documents\University Work\Games Concepts\CMPage game 3 desert racer\CMPage game 3 desert racer.cpp(928,52): warning C4244: 'argument': conversion from 'const float' to 'const int', possible loss of data
C:\Users\conno\OneDrive\Documents\University Work\Games Concepts\CMPage game 3 desert racer\CMPage game 3 desert racer.cpp(931,60): warning C4244: 'argument': conversion from 'const float' to 'const int', possible loss of data
C:\Users\conno\OneDrive\Documents\University Work\Games Concepts\CMPage game 3 desert racer\CMPage game 3 desert racer.cpp(931,47): warning C4244: 'argument': conversion from 'const float' to 'const int', possible loss of data
C:\Users\conno\OneDrive\Documents\University Work\Games Concepts\CMPage game 3 desert racer\CMPage game 3 desert racer.cpp(934,77): warning C4244: 'argument': conversion from 'const float' to 'const int', possible loss of data
C:\Users\conno\OneDrive\Documents\University Work\Games Concepts\CMPage game 3 desert racer\CMPage game 3 desert racer.cpp(934,55): warning C4244: 'argument': conversion from 'const float' to 'const int', possible loss of data
C:\Users\conno\OneDrive\Documents\University Work\Games Concepts\CMPage game 3 desert racer\CMPage game 3 desert racer.cpp(351,8): warning C4101: 'mouseRotateY': unreferenced local variable
C:\Users\conno\OneDrive\Documents\University Work\Games Concepts\CMPage game 3 desert racer\CMPage game 3 desert racer.cpp(352,8): warning C4101: 'mouseRotateX': unreferenced local variable
C:\Users\conno\OneDrive\Documents\University Work\Games Concepts\CMPage game 3 desert racer\CMPage game 3 desert racer.cpp(466,8): warning C4101: 'frameTime': unreferenced local variable
C:\Users\conno\OneDrive\Documents\University Work\Games Concepts\CMPage game 3 desert racer\CMPage game 3 desert racer.cpp(1042,21): warning C4244: 'initializing': conversion from 'float' to 'int', possible loss of data
  CMPage game 3 desert racer.vcxproj -> C:\Users\conno\OneDrive\Documents\University Work\Games Concepts\CMPage game 3 desert racer\CMPage game 3 desert racerDebug.exe
  Copying DLLs & shaders...
